[debug] [2020-04-13T16:10:14.594Z] ----------------------------------------------------------------------
[debug] [2020-04-13T16:10:14.596Z] Command:       /usr/bin/node /usr/bin/firebase deploy --only hosting:fisheries
[debug] [2020-04-13T16:10:14.596Z] CLI Version:   8.0.2
[debug] [2020-04-13T16:10:14.596Z] Platform:      linux
[debug] [2020-04-13T16:10:14.596Z] Node Version:  v12.16.2
[debug] [2020-04-13T16:10:14.597Z] Time:          Mon Apr 13 2020 19:10:14 GMT+0300 (Eastern European Summer Time)
[debug] [2020-04-13T16:10:14.597Z] ----------------------------------------------------------------------
[debug] [2020-04-13T16:10:14.597Z] 
[debug] [2020-04-13T16:10:14.603Z] > command requires scopes: ["email","openid","https://www.googleapis.com/auth/cloudplatformprojects.readonly","https://www.googleapis.com/auth/firebase","https://www.googleapis.com/auth/cloud-platform"]
[debug] [2020-04-13T16:10:14.604Z] > authorizing via signed-in user
[debug] [2020-04-13T16:10:14.604Z] [iam] checking project fisheries-2c0cb for permissions ["firebase.projects.get","firebasehosting.sites.update"]
[debug] [2020-04-13T16:10:14.607Z] >>> HTTP REQUEST POST https://cloudresourcemanager.googleapis.com/v1/projects/fisheries-2c0cb:testIamPermissions  
 {"permissions":["firebase.projects.get","firebasehosting.sites.update"]}
[debug] [2020-04-13T16:10:15.133Z] <<< HTTP RESPONSE 200 {"content-type":"application/json; charset=UTF-8","vary":"X-Origin, Referer, Origin,Accept-Encoding","date":"Mon, 13 Apr 2020 16:10:15 GMT","server":"ESF","cache-control":"private","x-xss-protection":"0","x-frame-options":"SAMEORIGIN","x-content-type-options":"nosniff","server-timing":"gfet4t7; dur=161","alt-svc":"quic=\":443\"; ma=2592000; v=\"46,43\",h3-Q050=\":443\"; ma=2592000,h3-Q049=\":443\"; ma=2592000,h3-Q048=\":443\"; ma=2592000,h3-Q046=\":443\"; ma=2592000,h3-Q043=\":443\"; ma=2592000,h3-T050=\":443\"; ma=2592000","accept-ranges":"none","transfer-encoding":"chunked"}
[debug] [2020-04-13T16:10:15.141Z] >>> HTTP REQUEST GET https://firebase.googleapis.com/v1beta1/projects/fisheries-2c0cb  
 
[debug] [2020-04-13T16:10:15.535Z] <<< HTTP RESPONSE 200 {"content-type":"application/json; charset=UTF-8","vary":"X-Origin, Referer, Origin,Accept-Encoding","date":"Mon, 13 Apr 2020 16:10:15 GMT","server":"ESF","cache-control":"private","x-xss-protection":"0","x-frame-options":"SAMEORIGIN","x-content-type-options":"nosniff","alt-svc":"quic=\":443\"; ma=2592000; v=\"46,43\",h3-Q050=\":443\"; ma=2592000,h3-Q049=\":443\"; ma=2592000,h3-Q048=\":443\"; ma=2592000,h3-Q046=\":443\"; ma=2592000,h3-Q043=\":443\"; ma=2592000,h3-T050=\":443\"; ma=2592000","accept-ranges":"none","transfer-encoding":"chunked"}
[info] 
[info] === Deploying to 'fisheries-2c0cb'...
[info] 
[info] i  deploying hosting
[info] 
[info] ✔  Deploy complete!
[info] 
[info] Project Console: https://console.firebase.google.com/project/fisheries-2c0cb/overview
[debug] [2020-04-13T16:10:15.809Z] TypeError: Cannot read property 'deploys' of undefined
    at /usr/lib/node_modules/firebase-tools/lib/deploy/index.js:84:36
    at processTicksAndRejections (internal/process/task_queues.js:97:5)
[error] 
[error] Error: An unexpected error has occurred.
[debug] [2020-04-13T16:10:52.662Z] ----------------------------------------------------------------------
[debug] [2020-04-13T16:10:52.664Z] Command:       /usr/bin/node /usr/bin/firebase deploy --only hosting:fisheries
[debug] [2020-04-13T16:10:52.664Z] CLI Version:   8.0.2
[debug] [2020-04-13T16:10:52.664Z] Platform:      linux
[debug] [2020-04-13T16:10:52.665Z] Node Version:  v12.16.2
[debug] [2020-04-13T16:10:52.665Z] Time:          Mon Apr 13 2020 19:10:52 GMT+0300 (Eastern European Summer Time)
[debug] [2020-04-13T16:10:52.665Z] ----------------------------------------------------------------------
[debug] [2020-04-13T16:10:52.665Z] 
[debug] [2020-04-13T16:10:52.671Z] > command requires scopes: ["email","openid","https://www.googleapis.com/auth/cloudplatformprojects.readonly","https://www.googleapis.com/auth/firebase","https://www.googleapis.com/auth/cloud-platform"]
[debug] [2020-04-13T16:10:52.672Z] > authorizing via signed-in user
[debug] [2020-04-13T16:10:52.672Z] [iam] checking project fisheries-2c0cb for permissions ["firebase.projects.get","firebasehosting.sites.update"]
[debug] [2020-04-13T16:10:52.675Z] >>> HTTP REQUEST POST https://cloudresourcemanager.googleapis.com/v1/projects/fisheries-2c0cb:testIamPermissions  
 {"permissions":["firebase.projects.get","firebasehosting.sites.update"]}
[debug] [2020-04-13T16:10:53.840Z] <<< HTTP RESPONSE 200 {"content-type":"application/json; charset=UTF-8","vary":"X-Origin, Referer, Origin,Accept-Encoding","date":"Mon, 13 Apr 2020 16:10:53 GMT","server":"ESF","cache-control":"private","x-xss-protection":"0","x-frame-options":"SAMEORIGIN","x-content-type-options":"nosniff","server-timing":"gfet4t7; dur=879","alt-svc":"quic=\":443\"; ma=2592000; v=\"46,43\",h3-Q050=\":443\"; ma=2592000,h3-Q049=\":443\"; ma=2592000,h3-Q048=\":443\"; ma=2592000,h3-Q046=\":443\"; ma=2592000,h3-Q043=\":443\"; ma=2592000,h3-T050=\":443\"; ma=2592000","accept-ranges":"none","transfer-encoding":"chunked"}
[debug] [2020-04-13T16:10:53.848Z] >>> HTTP REQUEST GET https://firebase.googleapis.com/v1beta1/projects/fisheries-2c0cb  
 
[debug] [2020-04-13T16:10:54.338Z] <<< HTTP RESPONSE 200 {"content-type":"application/json; charset=UTF-8","vary":"X-Origin, Referer, Origin,Accept-Encoding","date":"Mon, 13 Apr 2020 16:10:54 GMT","server":"ESF","cache-control":"private","x-xss-protection":"0","x-frame-options":"SAMEORIGIN","x-content-type-options":"nosniff","alt-svc":"quic=\":443\"; ma=2592000; v=\"46,43\",h3-Q050=\":443\"; ma=2592000,h3-Q049=\":443\"; ma=2592000,h3-Q048=\":443\"; ma=2592000,h3-Q046=\":443\"; ma=2592000,h3-Q043=\":443\"; ma=2592000,h3-T050=\":443\"; ma=2592000","accept-ranges":"none","transfer-encoding":"chunked"}
[info] 
[info] === Deploying to 'fisheries-2c0cb'...
[info] 
[info] i  deploying hosting
[info] 
[info] ✔  Deploy complete!
[info] 
[info] Project Console: https://console.firebase.google.com/project/fisheries-2c0cb/overview
[debug] [2020-04-13T16:10:54.641Z] TypeError: Cannot read property 'deploys' of undefined
    at /usr/lib/node_modules/firebase-tools/lib/deploy/index.js:84:36
    at processTicksAndRejections (internal/process/task_queues.js:97:5)
[error] 
[error] Error: An unexpected error has occurred.
